FILE_TYPE=LIBRARY_PARTS;
PRIMITIVE 'B3U_1000P';
  PIN
    'K':
      PIN_NUMBER='(1)';
      NO_LOAD_CHECK=BOTH;
      NO_IO_CHECK=BOTH;
      ALLOW_CONNECT=TRUE;
      PINUSE='UNSPEC';
    'A':
      PIN_NUMBER='(2)';
      NO_LOAD_CHECK=BOTH;
      NO_IO_CHECK=BOTH;
      ALLOW_CONNECT=TRUE;
      PINUSE='UNSPEC';
  END_PIN;
  BODY
    PART_NAME='B3U_1000P';
    PHYS_DES_PREFIX='S';
    NO_LOAD_CHECK='TRUE';
    PIN_COUNT='2';
    BODY_NAME='B3U_1000P';
    JEDEC_TYPE='B3U-1000P';
  END_BODY;
END_PRIMITIVE;
END.
