FILE_TYPE=LIBRARY_PARTS;
PRIMITIVE 'PTS636_SK25J_SMTR_LFS';
  PIN
    'COM':
      PIN_NUMBER='(1)';
      NO_LOAD_CHECK=BOTH;
      NO_IO_CHECK=BOTH;
      ALLOW_CONNECT=TRUE;
      PINUSE='UNSPEC';
    'NO':
      PIN_NUMBER='(2)';
      NO_LOAD_CHECK=BOTH;
      NO_IO_CHECK=BOTH;
      ALLOW_CONNECT=TRUE;
      PINUSE='UNSPEC';
  END_PIN;
  BODY
    PART_NAME='PTS636_SK25J_SMTR_LFS';
    PHYS_DES_PREFIX='S';
    NO_LOAD_CHECK='TRUE';
    PIN_COUNT='2';
    BODY_NAME='PTS636_SK25J_SMTR_LFS';
    JEDEC_TYPE='PTS636SK25JSMTRLFS';
  END_BODY;
END_PRIMITIVE;
END.
