FILE_TYPE=LIBRARY_PARTS;
PRIMITIVE 'CC0402KRX5R6BB105';
  PIN
    'C1':
      PIN_NUMBER='(1)';
      NO_LOAD_CHECK=BOTH;
      NO_IO_CHECK=BOTH;
      ALLOW_CONNECT=TRUE;
      PINUSE='UNSPEC';
    'C2':
      PIN_NUMBER='(2)';
      NO_LOAD_CHECK=BOTH;
      NO_IO_CHECK=BOTH;
      ALLOW_CONNECT=TRUE;
      PINUSE='UNSPEC';
  END_PIN;
  BODY
    PART_NAME='CC0402KRX5R6BB105';
    PHYS_DES_PREFIX='C';
    NO_LOAD_CHECK='TRUE';
    PIN_COUNT='2';
    BODY_NAME='CC0402KRX5R6BB105';
    JEDEC_TYPE='CAPC1005X55N';
  END_BODY;
END_PRIMITIVE;
END.
